[2019-06-14 10:52:03,001][MainThread:972][task_id:user][src.py:40][INFO][tank注册成功]
[2019-06-14 10:52:09,097][MainThread:972][task_id:user][src.py:19][INFO][tank登录成功]
[2019-06-14 11:04:35,401][MainThread:20012][task_id:user][src.py:20][INFO][nick登录成功]
[2019-06-14 11:04:35,402][MainThread:20012][task_id:user][src.py:54][INFO][nick查看余额,余额为15000]
[2019-06-14 11:04:58,884][MainThread:20012][task_id:user][src.py:69][INFO][nick向tank转了1]
[2019-06-14 11:13:37,434][MainThread:17564][task_id:user][src.py:20][INFO][tank登录成功]
[2019-06-14 11:13:37,434][MainThread:17564][task_id:user][src.py:83][INFO][tank无需还款]
[2019-06-14 11:13:59,794][MainThread:14940][task_id:user][src.py:20][INFO][nick登录成功]
[2019-06-14 11:13:59,795][MainThread:14940][task_id:user][src.py:83][INFO][nick还款1.005成功]
[2019-06-14 11:22:17,835][MainThread:13368][task_id:user][src.py:49][INFO][q注册成功]
[2019-06-14 11:24:06,091][MainThread:6556][task_id:user][src.py:27][INFO][nick登录成功]
[2019-06-14 11:24:10,307][MainThread:6556][task_id:user][src.py:64][INFO][nick查看余额,余额为15000]
[2019-06-14 11:24:21,420][MainThread:6556][task_id:user][src.py:109][INFO][nick取现10成功]
[2019-06-14 11:24:24,123][MainThread:6556][task_id:user][src.py:64][INFO][nick查看余额,余额为14990]
[2019-06-14 11:32:02,059][MainThread:19840][task_id:user][src.py:29][INFO][nick登录成功]
[2019-06-14 11:33:16,004][MainThread:3220][task_id:user][src.py:29][INFO][nick登录成功]
[2019-06-14 11:34:18,139][MainThread:19156][task_id:user][src.py:29][INFO][nick登录成功]
[2019-06-14 11:34:58,084][MainThread:21288][task_id:user][src.py:29][INFO][nick登录成功]
[2019-06-14 11:36:02,539][MainThread:20212][task_id:user][src.py:29][INFO][nick登录成功]
[2019-06-14 11:42:28,285][MainThread:17628][task_id:user][src.py:29][INFO][nick登录成功]
[2019-06-14 11:43:53,884][MainThread:20204][task_id:user][src.py:31][INFO][nick登录成功]
[2019-06-14 11:43:53,885][MainThread:20204][task_id:user][src.py:118][INFO][nick查看了流水]
[2019-06-14 15:45:27,216][MainThread:16272][task_id:user][src.py:31][INFO][nick登录成功]
[2019-06-14 15:47:53,583][MainThread:15948][task_id:user][src.py:31][INFO][nick登录成功]
[2019-06-14 15:48:30,743][MainThread:18888][task_id:user][src.py:31][INFO][nick登录成功]
[2019-06-14 15:49:32,335][MainThread:17112][task_id:user][src.py:31][INFO][nick登录成功]
[2019-06-14 15:50:52,094][MainThread:4656][task_id:user][src.py:31][INFO][nick登录成功]
[2019-06-14 15:50:59,988][MainThread:4656][task_id:user][src.py:127][INFO][nick已加入购物车{'tesla': 1}]
[2019-06-14 15:51:16,574][MainThread:4656][task_id:user][src.py:67][INFO][nick查看余额,余额为14990]
[2019-06-14 15:55:11,950][MainThread:18336][task_id:user][src.py:31][INFO][nick登录成功]
[2019-06-14 15:55:23,444][MainThread:18336][task_id:user][src.py:127][INFO][nick已加入购物车{'tesla': 'tesla'}]
[2019-06-14 15:57:42,438][MainThread:21452][task_id:user][src.py:31][INFO][nick登录成功]
[2019-06-14 15:57:48,163][MainThread:21452][task_id:user][src.py:127][INFO][nick已加入购物车{'tesla': 1}]
[2019-06-14 15:58:28,358][MainThread:23388][task_id:user][src.py:31][INFO][nick登录成功]
[2019-06-14 15:58:38,935][MainThread:23388][task_id:user][src.py:127][INFO][nick已加入购物车{'transformer': 100}]
[2019-06-14 16:07:15,094][MainThread:19748][task_id:user][src.py:31][INFO][nick登录成功]
[2019-06-14 16:07:44,206][MainThread:19748][task_id:user][src.py:127][INFO][nick已加入购物车{'transformer': 50}]
[2019-06-14 16:07:51,190][MainThread:19748][task_id:user][src.py:15][INFO][None已经注销]
[2019-06-14 16:09:10,663][MainThread:16000][task_id:user][src.py:32][INFO][nick登录成功]
[2019-06-14 16:09:17,910][MainThread:16000][task_id:user][src.py:128][INFO][nick已加入购物车{'transformer': 50}]
[2019-06-14 16:09:19,374][MainThread:16000][task_id:user][src.py:16][INFO][None已经注销]
[2019-06-14 16:09:32,263][MainThread:16000][task_id:user][src.py:32][INFO][nick登录成功]
[2019-06-14 16:09:58,846][MainThread:22428][task_id:user][src.py:32][INFO][nick登录成功]
[2019-06-14 16:10:06,686][MainThread:22428][task_id:user][src.py:128][INFO][nick已加入购物车{'tesla': 5}]
[2019-06-14 16:10:09,366][MainThread:22428][task_id:user][src.py:140][INFO][nick土豪购物成功{'tesla': 5}]
[2019-06-14 16:10:36,686][MainThread:18304][task_id:user][src.py:32][INFO][nick登录成功]
[2019-06-14 16:10:44,750][MainThread:18304][task_id:user][src.py:128][INFO][nick已加入购物车{'transformer': 50}]
[2019-06-14 16:11:07,862][MainThread:680][task_id:user][src.py:32][INFO][nick登录成功]
[2019-06-14 16:11:14,270][MainThread:680][task_id:user][src.py:128][INFO][nick已加入购物车{'chongqiwawa': 5000}]
[2019-06-14 16:11:20,397][MainThread:680][task_id:user][src.py:140][INFO][nick土豪购物成功{'chongqiwawa': 5000}]
[2019-06-14 16:11:24,636][MainThread:680][task_id:user][src.py:140][INFO][nick土豪购物成功{'chongqiwawa': 5000}]
[2019-06-14 16:15:24,782][MainThread:19712][task_id:user][src.py:32][INFO][nick登录成功]
[2019-06-14 16:15:28,502][MainThread:19712][task_id:user][src.py:128][INFO][nick已加入购物车{'tesla': 2}]
[2019-06-14 16:15:30,335][MainThread:19712][task_id:user][src.py:140][INFO][nick土豪购物成功{'tesla': 2}]
[2019-06-14 16:15:32,123][MainThread:19712][task_id:user][src.py:140][INFO][nick土豪购物成功{'tesla': 2}]
[2019-06-14 16:15:36,774][MainThread:19712][task_id:user][src.py:140][INFO][nick土豪购物成功{'tesla': 2}]
[2019-06-14 16:15:38,165][MainThread:19712][task_id:user][src.py:140][INFO][nick土豪购物成功{'tesla': 2}]
[2019-06-14 16:15:39,003][MainThread:19712][task_id:user][src.py:140][INFO][nick土豪购物成功{'tesla': 2}]
[2019-06-14 16:15:39,817][MainThread:19712][task_id:user][src.py:140][INFO][nick土豪购物成功{'tesla': 2}]
[2019-06-14 16:15:40,539][MainThread:19712][task_id:user][src.py:140][INFO][nick土豪购物成功{'tesla': 2}]
[2019-06-14 16:15:41,386][MainThread:19712][task_id:user][src.py:140][INFO][nick土豪购物成功{'tesla': 2}]
[2019-06-14 16:15:42,011][MainThread:19712][task_id:user][src.py:140][INFO][nick土豪购物成功{'tesla': 2}]
[2019-06-14 16:15:42,739][MainThread:19712][task_id:user][src.py:140][INFO][nick土豪购物成功{'tesla': 2}]
[2019-06-14 16:15:43,210][MainThread:19712][task_id:user][src.py:140][INFO][nick土豪购物成功{'tesla': 2}]
[2019-06-14 16:15:44,306][MainThread:19712][task_id:user][src.py:140][INFO][nick土豪购物成功{'tesla': 2}]
[2019-06-14 16:17:11,206][MainThread:8072][task_id:user][src.py:32][INFO][nick登录成功]
[2019-06-14 16:17:16,519][MainThread:8072][task_id:user][src.py:128][INFO][nick已加入购物车{'tesla': 2}]
[2019-06-14 16:17:18,277][MainThread:8072][task_id:user][src.py:140][INFO][nick土豪购物成功{'tesla': 2}]
[2019-06-14 16:17:19,676][MainThread:8072][task_id:user][src.py:140][INFO][nick土豪购物成功{}]
[2019-06-14 16:17:29,650][MainThread:8072][task_id:user][src.py:140][INFO][nick土豪购物成功{}]
[2019-06-14 16:44:35,327][MainThread:19712][task_id:user][src.py:32][INFO][nick登录成功]
[2019-06-14 16:45:19,777][MainThread:18196][task_id:user][src.py:32][INFO][nick登录成功]
[2019-06-14 16:46:07,431][MainThread:652][task_id:user][src.py:32][INFO][nick登录成功]
[2019-06-14 16:47:21,183][MainThread:15948][task_id:user][src.py:32][INFO][nick登录成功]
[2019-06-14 16:47:30,558][MainThread:15948][task_id:user][src.py:128][INFO][nick已加入购物车{'tesla': 1}]
[2019-06-14 16:47:51,743][MainThread:23324][task_id:user][src.py:32][INFO][nick登录成功]
[2019-06-14 16:47:58,031][MainThread:23324][task_id:user][src.py:128][INFO][nick已加入购物车{'tesla': 1}]
[2019-06-14 16:47:59,694][MainThread:23324][task_id:user][src.py:140][INFO][nick土豪购物成功{'tesla': 1}]
[2019-06-14 16:48:13,551][MainThread:23324][task_id:user][src.py:128][INFO][nick已加入购物车{'chongqiwawa': 3000}]
[2019-06-14 16:48:15,734][MainThread:23324][task_id:user][src.py:140][INFO][nick土豪购物成功{'chongqiwawa': 3000}]
[2019-06-14 16:56:49,567][MainThread:3820][task_id:user][src.py:128][INFO][None已加入购物车{}]
[2019-06-14 16:56:53,152][MainThread:3820][task_id:user][src.py:55][INFO][nick注册成功]
[2019-06-14 16:56:59,048][MainThread:3820][task_id:user][src.py:32][INFO][nick登录成功]
